undefined
undefinedData is missing
undefinedData is missing
undefinedData is missing
[object Object]Data is missing
[object Object]Data is missing
[object Object]Data is missing
[object Object]Data is missing
[object Object]Data is missing
[object Object]Data is missing
[object Object]Data is missing
[object Object]Data is missing
[object Object]Data is missing
[object Object]Data is missing
[object Object]Data is missing
[object Object]Data is missing
[object Object]Data is missing
[object Object]Data is missing
[object Object]Data is missing
[object Object]Data is missing
[object Object]Data is missing
[object Object]Data is missing
[object Object]Data is missing
[object Object]Data is missing
ReferenceError: ctx is not defined
ReferenceError: ctx is not defined
ReferenceError: ctx is not defined
ReferenceError: ctx is not defined
ReferenceError: ctx is not defined
ReferenceError: ctx is not defined
ReferenceError: ctx is not defined
ReferenceError: ctx is not defined
ReferenceError: ctx is not defined
ReferenceError: id is not defined
ReferenceError: id is not defined
ReferenceError: id is not defined
ReferenceError: id is not defined
ReferenceError: id is not defined
ReferenceError: id is not defined
ReferenceError: id is not defined
ReferenceError: id is not defined
ReferenceError: id is not defined
ReferenceError: id is not defined
ReferenceError: id is not defined
ReferenceError: res is not defined
ReferenceError: res is not defined
ReferenceError: res is not defined
ReferenceError: res is not defined
ReferenceError: res is not defined
ReferenceError: res is not defined
ReferenceError: res is not defined
ReferenceError: res is not defined
ReferenceError: res is not defined
ReferenceError: res is not defined
ReferenceError: res is not defined
ReferenceError: res is not defined
ReferenceError: res is not defined
ReferenceError: res is not defined
ReferenceError: res is not defined
ReferenceError: res is not defined
ReferenceError: res is not defined
ReferenceError: res is not defined
TypeError: Cannot read properties of undefined (reading 'id')
TypeError: Cannot read properties of undefined (reading 'id')
TypeError: Cannot read properties of undefined (reading 'id')
